# JRE version: Java(TM) SE Runtime Environment (8.0_152-b16) (build 1.8.0_152-b16)
# Java VM: Java HotSpot(TM) Client VM (25.152-b16 mixed mode, sharing windows-x86 )
Heap:
 def new generation   total 16000K, used 13697K [0x02c00000, 0x03d50000, 0x08150000)
  eden space 14272K,  91% used [0x02c00000, 0x038cd808, 0x039f0000)
  from space 1728K,  33% used [0x039f0000, 0x03a82da0, 0x03ba0000)
  to   space 1728K,   0% used [0x03ba0000, 0x03ba0000, 0x03d50000)
 tenured generation   total 35356K, used 21212K [0x08150000, 0x0a3d7000, 0x12c00000)
   the space 35356K,  59% used [0x08150000, 0x09607000, 0x09607000, 0x0a3d7000)
 Metaspace       used 9480K, capacity 11117K, committed 11264K, reserved 11648K
GC Heap History (10 events):
Event: 11.591 GC heap before
{Heap before GC invocations=28 (full 2):
 def new generation   total 16000K, used 14827K [0x02c00000, 0x03d50000, 0x08150000)
  eden space 14272K, 100% used [0x02c00000, 0x039f0000, 0x039f0000)
  from space 1728K,  32% used [0x03ba0000, 0x03c2acf0, 0x03d50000)
  to   space 1728K,   0% used [0x039f0000, 0x039f0000, 0x03ba0000)
 tenured generation   total 35356K, used 21212K [0x08150000, 0x0a3d7000, 0x12c00000)
   the space 35356K,  59% used [0x08150000, 0x09607000, 0x09607000, 0x0a3d7000)
 Metaspace       used 9458K, capacity 11117K, committed 11264K, reserved 11648K
Event: 11.594 GC heap after
Heap after GC invocations=29 (full 2):
 def new generation   total 16000K, used 567K [0x02c00000, 0x03d50000, 0x08150000)
  eden space 14272K,   0% used [0x02c00000, 0x02c00000, 0x039f0000)
  from space 1728K,  32% used [0x039f0000, 0x03a7df90, 0x03ba0000)
  to   space 1728K,   0% used [0x03ba0000, 0x03ba0000, 0x03d50000)
 tenured generation   total 35356K, used 21212K [0x08150000, 0x0a3d7000, 0x12c00000)
   the space 35356K,  59% used [0x08150000, 0x09607000, 0x09607000, 0x0a3d7000)
 Metaspace       used 9458K, capacity 11117K, committed 11264K, reserved 11648K
}
Event: 12.199 GC heap before
{Heap before GC invocations=29 (full 2):
 def new generation   total 16000K, used 14839K [0x02c00000, 0x03d50000, 0x08150000)
  eden space 14272K, 100% used [0x02c00000, 0x039f0000, 0x039f0000)
  from space 1728K,  32% used [0x039f0000, 0x03a7df90, 0x03ba0000)
  to   space 1728K,   0% used [0x03ba0000, 0x03ba0000, 0x03d50000)
 tenured generation   total 35356K, used 21212K [0x08150000, 0x0a3d7000, 0x12c00000)
   the space 35356K,  59% used [0x08150000, 0x09607000, 0x09607000, 0x0a3d7000)
 Metaspace       used 9458K, capacity 11117K, committed 11264K, reserved 11648K
Event: 12.202 GC heap after
Heap after GC invocations=30 (full 2):
 def new generation   total 16000K, used 575K [0x02c00000, 0x03d50000, 0x08150000)
  eden space 14272K,   0% used [0x02c00000, 0x02c00000, 0x039f0000)
  from space 1728K,  33% used [0x03ba0000, 0x03c2fdf0, 0x03d50000)
  to   space 1728K,   0% used [0x039f0000, 0x039f0000, 0x03ba0000)
 tenured generation   total 35356K, used 21212K [0x08150000, 0x0a3d7000, 0x12c00000)
   the space 35356K,  59% used [0x08150000, 0x09607000, 0x09607000, 0x0a3d7000)
 Metaspace       used 9458K, capacity 11117K, committed 11264K, reserved 11648K
}
Event: 12.808 GC heap before
{Heap before GC invocations=30 (full 2):
 def new generation   total 16000K, used 14847K [0x02c00000, 0x03d50000, 0x08150000)
  eden space 14272K, 100% used [0x02c00000, 0x039f0000, 0x039f0000)
  from space 1728K,  33% used [0x03ba0000, 0x03c2fdf0, 0x03d50000)
  to   space 1728K,   0% used [0x039f0000, 0x039f0000, 0x03ba0000)
 tenured generation   total 35356K, used 21212K [0x08150000, 0x0a3d7000, 0x12c00000)
   the space 35356K,  59% used [0x08150000, 0x09607000, 0x09607000, 0x0a3d7000)
 Metaspace       used 9458K, capacity 11117K, committed 11264K, reserved 11648K
Event: 12.811 GC heap after
Heap after GC invocations=31 (full 2):
 def new generation   total 16000K, used 575K [0x02c00000, 0x03d50000, 0x08150000)
  eden space 14272K,   0% used [0x02c00000, 0x02c00000, 0x039f0000)
  from space 1728K,  33% used [0x039f0000, 0x03a7fed8, 0x03ba0000)
  to   space 1728K,   0% used [0x03ba0000, 0x03ba0000, 0x03d50000)
 tenured generation   total 35356K, used 21212K [0x08150000, 0x0a3d7000, 0x12c00000)
   the space 35356K,  59% used [0x08150000, 0x09607000, 0x09607000, 0x0a3d7000)
 Metaspace       used 9458K, capacity 11117K, committed 11264K, reserved 11648K
}
Event: 13.444 GC heap before
{Heap before GC invocations=31 (full 2):
 def new generation   total 16000K, used 14847K [0x02c00000, 0x03d50000, 0x08150000)
  eden space 14272K, 100% used [0x02c00000, 0x039f0000, 0x039f0000)
  from space 1728K,  33% used [0x039f0000, 0x03a7fed8, 0x03ba0000)
  to   space 1728K,   0% used [0x03ba0000, 0x03ba0000, 0x03d50000)
 tenured generation   total 35356K, used 21212K [0x08150000, 0x0a3d7000, 0x12c00000)
   the space 35356K,  59% used [0x08150000, 0x09607000, 0x09607000, 0x0a3d7000)
 Metaspace       used 9458K, capacity 11117K, committed 11264K, reserved 11648K
Event: 13.447 GC heap after
Heap after GC invocations=32 (full 2):
 def new generation   total 16000K, used 576K [0x02c00000, 0x03d50000, 0x08150000)
  eden space 14272K,   0% used [0x02c00000, 0x02c00000, 0x039f0000)
  from space 1728K,  33% used [0x03ba0000, 0x03c30040, 0x03d50000)
  to   space 1728K,   0% used [0x039f0000, 0x039f0000, 0x03ba0000)
 tenured generation   total 35356K, used 21212K [0x08150000, 0x0a3d7000, 0x12c00000)
   the space 35356K,  59% used [0x08150000, 0x09607000, 0x09607000, 0x0a3d7000)
 Metaspace       used 9458K, capacity 11117K, committed 11264K, reserved 11648K
}
Event: 14.061 GC heap before
{Heap before GC invocations=32 (full 2):
 def new generation   total 16000K, used 14848K [0x02c00000, 0x03d50000, 0x08150000)
  eden space 14272K, 100% used [0x02c00000, 0x039f0000, 0x039f0000)
  from space 1728K,  33% used [0x03ba0000, 0x03c30040, 0x03d50000)
  to   space 1728K,   0% used [0x039f0000, 0x039f0000, 0x03ba0000)
 tenured generation   total 35356K, used 21212K [0x08150000, 0x0a3d7000, 0x12c00000)
   the space 35356K,  59% used [0x08150000, 0x09607000, 0x09607000, 0x0a3d7000)
 Metaspace       used 9459K, capacity 11117K, committed 11264K, reserved 11648K
Event: 14.064 GC heap after
Heap after GC invocations=33 (full 2):
 def new generation   total 16000K, used 587K [0x02c00000, 0x03d50000, 0x08150000)
  eden space 14272K,   0% used [0x02c00000, 0x02c00000, 0x039f0000)
  from space 1728K,  33% used [0x039f0000, 0x03a82da0, 0x03ba0000)
  to   space 1728K,   0% used [0x03ba0000, 0x03ba0000, 0x03d50000)
 tenured generation   total 35356K, used 21212K [0x08150000, 0x0a3d7000, 0x12c00000)
   the space 35356K,  59% used [0x08150000, 0x09607000, 0x09607000, 0x0a3d7000)
 Metaspace       used 9459K, capacity 11117K, committed 11264K, reserved 11648K
}

